TESTING fac.lingo...
...fac.lingo PASSED ✓
TESTING fac_fail.lingo...
dune exec ./src/lingo.exe /Users/ben/workspace/lingo-2/reg-tests/src/fac_fail.lingo returned 2
STDOUT: 
 
STDERR: 
 Fatal error: exception Core.Typecheck.ExpectedAbs(_)

TESTING fac.lingo...
...fac.lingo PASSED ✓
TESTING maybe.lingo...
...maybe.lingo PASSED ✓
TESTING malloc.lingo...
llc /Users/ben/workspace/lingo-2/reg-tests/llvm/malloc.llvm -o /Users/ben/workspace/lingo-2/reg-tests/llvm/malloc.s returned 1
STDOUT: 
 
STDERR: 
 llc: error: llc: /Users/ben/workspace/lingo-2/reg-tests/llvm/malloc.llvm:573:9: error: stored value and pointer type do not match
  store %adt %call_ret, i64* %rval_ptr
        ^

TESTING malloc.lingo...
dune exec ./src/lingo.exe /Users/ben/workspace/lingo-2/reg-tests/src/malloc.lingo returned 2
STDOUT: 
 
STDERR: 
 Fatal error: exception Core.Typecheck.VarNotFound("malloc")

TESTING malloc.lingo...
llc /Users/ben/workspace/lingo-2/reg-tests/llvm/malloc.llvm -o /Users/ben/workspace/lingo-2/reg-tests/llvm/malloc.s returned 1
STDOUT: 
 
STDERR: 
 llc: error: llc: /Users/ben/workspace/lingo-2/reg-tests/llvm/malloc.llvm:573:9: error: stored value and pointer type do not match
  store %adt %call_ret, i64* %rval_ptr
        ^

TESTING malloc.lingo...
llc /Users/ben/workspace/lingo-2/reg-tests/llvm/malloc.llvm -o /Users/ben/workspace/lingo-2/reg-tests/llvm/malloc.s returned 1
STDOUT: 
 
STDERR: 
 llc: error: llc: /Users/ben/workspace/lingo-2/reg-tests/llvm/malloc.llvm:648:25: error: invalid forward reference to function 'set_bit' with wrong type: expected '%adt (%adt, i64, i8)*' but was '%adt (i8, i64, %adt)*'
  %call_ret = call %adt @set_bit(i8 %call_arg, i64 %call_arg9, %adt %call_arg10)
                        ^

TESTING malloc.lingo...
gcc -no-pie /Users/ben/workspace/lingo-2/reg-tests/llvm/malloc.s /Users/ben/workspace/lingo-2/reg-tests/lib.c -o /Users/ben/workspace/lingo-2/reg-tests/exec/malloc.exe returned 1
STDOUT: 
 
STDERR: 
 clang: warning: argument unused during compilation: '-nopie' [-Wunused-command-line-argument]
/Users/ben/workspace/lingo-2/reg-tests/lib.c:14:12: warning: implicitly declaring library function 'malloc' with type 'void *(unsigned long)' [-Wimplicit-function-declaration]
    return malloc((size_t) size); 
           ^
/Users/ben/workspace/lingo-2/reg-tests/lib.c:14:12: note: include the header <stdlib.h> or explicitly provide a declaration for 'malloc'
1 warning generated.
Undefined symbols for architecture x86_64:
  "_print_string", referenced from:
      ___print_string__ in malloc-bdf555.o
     (maybe you meant: ___print_string__)
ld: symbol(s) not found for architecture x86_64
clang: error: linker command failed with exit code 1 (use -v to see invocation)

TESTING malloc.lingo...
gcc -no-pie /Users/ben/workspace/lingo-2/reg-tests/llvm/malloc.s /Users/ben/workspace/lingo-2/reg-tests/lib.c -o /Users/ben/workspace/lingo-2/reg-tests/exec/malloc.exe returned 1
STDOUT: 
 
STDERR: 
 clang: warning: argument unused during compilation: '-nopie' [-Wunused-command-line-argument]
Undefined symbols for architecture x86_64:
  "_print_string", referenced from:
      ___print_string__ in malloc-1637fb.o
     (maybe you meant: ___print_string__)
ld: symbol(s) not found for architecture x86_64
clang: error: linker command failed with exit code 1 (use -v to see invocation)

TESTING malloc.lingo...
/Users/ben/workspace/lingo-2/reg-tests/exec/malloc.exe returned -11
STDOUT: 
 
STDERR: 
 
TESTING malloc.lingo...
/Users/ben/workspace/lingo-2/reg-tests/exec/malloc.exe returned -11
STDOUT: 
 
STDERR: 
 
TESTING malloc.lingo...
/Users/ben/workspace/lingo-2/reg-tests/exec/malloc.exe returned -11
STDOUT: 
 
STDERR: 
 
TESTING malloc.lingo...
/Users/ben/workspace/lingo-2/reg-tests/exec/malloc.exe returned -11
STDOUT: 
 
STDERR: 
 
TESTING malloc.lingo...
/Users/ben/workspace/lingo-2/reg-tests/exec/malloc.exe returned -11
STDOUT: 
 
STDERR: 
 
TESTING malloc.lingo...
diff /Users/ben/workspace/lingo-2/reg-tests/out/malloc.out /Users/ben/workspace/lingo-2/reg-tests/out/malloc.actual.out returned 2
STDOUT: 
 
STDERR: 
 diff: /Users/ben/workspace/lingo-2/reg-tests/out/malloc.out: No such file or directory

...malloc.lingo FAILED ✕
Diff between /Users/ben/workspace/lingo-2/reg-tests/out/malloc.out and /Users/ben/workspace/lingo-2/reg-tests/out/malloc.actual.out.
TESTING malloc.lingo...
dune exec ./src/lingo.exe /Users/ben/workspace/lingo-2/reg-tests/src/malloc.lingo returned 2
STDOUT: 
 
STDERR: 
 Fatal error: exception Invalid_argument("List.combine")

TESTING malloc.lingo...
diff /Users/ben/workspace/lingo-2/reg-tests/out/malloc.out /Users/ben/workspace/lingo-2/reg-tests/out/malloc.actual.out returned 2
STDOUT: 
 
STDERR: 
 diff: /Users/ben/workspace/lingo-2/reg-tests/out/malloc.out: No such file or directory

...malloc.lingo FAILED ✕
Diff between /Users/ben/workspace/lingo-2/reg-tests/out/malloc.out and /Users/ben/workspace/lingo-2/reg-tests/out/malloc.actual.out.
TESTING malloc.lingo...
/Users/ben/workspace/lingo-2/reg-tests/exec/malloc.exe returned -11
STDOUT: 
 
STDERR: 
 
TESTING malloc.lingo...
/Users/ben/workspace/lingo-2/reg-tests/exec/malloc.exe returned -11
STDOUT: 
 
STDERR: 
 
dune build returned 1
STDOUT: 
 
STDERR: 
 File "lib/parser/scanner.mll", line 51, character 34: illegal escape sequence \0.

dune build returned 1
STDOUT: 
 
STDERR: 
 File "lib/parser/scanner.mll", line 51, character 34: illegal escape sequence \\.

dune build returned 1
STDOUT: 
 
STDERR: 
 File "lib/parser/scanner.mll", line 9, character 3: illegal escape sequence \'.

dune build returned 1
STDOUT: 
 
STDERR: 
 File "lib/parser/scanner.mll", line 10, character 0: syntax error.

TESTING malloc.lingo...
dune exec ./src/lingo.exe /Users/ben/workspace/lingo-2/reg-tests/src/malloc.lingo returned 2
STDOUT: 
 
STDERR: 
 Fatal error: exception Stdlib.Scanf.Scan_failure("scanf: bad input at char number 3: illegal escape character '"'")

TESTING malloc.lingo...
dune exec ./src/lingo.exe /Users/ben/workspace/lingo-2/reg-tests/src/malloc.lingo returned 2
STDOUT: 
 
STDERR: 
 Fatal error: exception Stdlib.Scanf.Scan_failure("scanf: bad input at char number 3: illegal escape character '"'")

TESTING malloc.lingo...
dune exec ./src/lingo.exe /Users/ben/workspace/lingo-2/reg-tests/src/malloc.lingo returned 2
STDOUT: 
 \0

STDERR: 
 Fatal error: exception Stdlib.Scanf.Scan_failure("scanf: bad input at char number 3: illegal escape character '"'")

dune build returned 1
STDOUT: 
 
STDERR: 
 File "lib/parser/scanner.mll", line 52, characters 57-71:
Error: Unbound value Scanf.unescape
Hint: Did you mean unescaped?

TESTING malloc.lingo...
dune exec ./src/lingo.exe /Users/ben/workspace/lingo-2/reg-tests/src/malloc.lingo returned 2
STDOUT: 
 
STDERR: 
 Fatal error: exception Stdlib.Scanf.Scan_failure("scanf: bad input at char number 3: illegal escape character '"'")

TESTING malloc.lingo...
dune exec ./src/lingo.exe /Users/ben/workspace/lingo-2/reg-tests/src/malloc.lingo returned 2
STDOUT: 
 
STDERR: 
 Fatal error: exception Stdlib.Scanf.Scan_failure("scanf: bad input at char number 3: illegal escape character '"'")

TESTING malloc.lingo...
dune exec ./src/lingo.exe /Users/ben/workspace/lingo-2/reg-tests/src/malloc.lingo returned 2
STDOUT: 
 \0

STDERR: 
 Fatal error: exception Stdlib.Scanf.Scan_failure("scanf: bad input at char number 3: illegal escape character '"'")

dune build returned 1
STDOUT: 
 
STDERR: 
 File "lib/parser/scanner.mll", line 52, characters 57-70:
Error: Unbound value String.escape
Hint: Did you mean escaped?

TESTING malloc.lingo...
dune exec ./src/lingo.exe /Users/ben/workspace/lingo-2/reg-tests/src/malloc.lingo returned 2
STDOUT: 
 \\0

STDERR: 
 Fatal error: exception Stdlib.Scanf.Scan_failure("scanf: bad input at char number 3: illegal escape character '"'")

TESTING malloc.lingo...
dune exec ./src/lingo.exe /Users/ben/workspace/lingo-2/reg-tests/src/malloc.lingo returned 2
STDOUT: 
 \\0

STDERR: 
 Fatal error: exception Stdlib.Scanf.Scan_failure("scanf: bad input at char number 3: illegal escape character '"'")

TESTING malloc.lingo...
/Users/ben/workspace/lingo-2/reg-tests/exec/malloc.exe returned -11
STDOUT: 
 
STDERR: 
 
TESTING malloc.lingo...
dune exec ./src/lingo.exe /Users/ben/workspace/lingo-2/reg-tests/src/malloc.lingo returned 2
STDOUT: 
 
STDERR: 
 Fatal error: exception Failure("illegal character \'")

TESTING malloc.lingo...
dune exec ./src/lingo.exe /Users/ben/workspace/lingo-2/reg-tests/src/malloc.lingo returned 2
STDOUT: 
 
STDERR: 
 Fatal error: exception Failure("illegal character \'")

TESTING malloc.lingo...
/Users/ben/workspace/lingo-2/reg-tests/exec/malloc.exe returned -11
STDOUT: 
 
STDERR: 
 
TESTING malloc.lingo...
/Users/ben/workspace/lingo-2/reg-tests/exec/malloc.exe returned -11
STDOUT: 
 
STDERR: 
 
TESTING malloc.lingo...
/Users/ben/workspace/lingo-2/reg-tests/exec/malloc.exe returned -11
STDOUT: 
 
STDERR: 
 
TESTING malloc.lingo...
/Users/ben/workspace/lingo-2/reg-tests/exec/malloc.exe returned -11
STDOUT: 
 
STDERR: 
 
TESTING malloc.lingo...
/Users/ben/workspace/lingo-2/reg-tests/exec/malloc.exe returned -11
STDOUT: 
 
STDERR: 
 
TESTING malloc.lingo...
/Users/ben/workspace/lingo-2/reg-tests/exec/malloc.exe returned -11
STDOUT: 
 
STDERR: 
 
TESTING malloc.lingo...
/Users/ben/workspace/lingo-2/reg-tests/exec/malloc.exe returned -11
STDOUT: 
 
STDERR: 
 
TESTING malloc.lingo...
/Users/ben/workspace/lingo-2/reg-tests/exec/malloc.exe returned -11
STDOUT: 
 
STDERR: 
 
TESTING malloc.lingo...
/Users/ben/workspace/lingo-2/reg-tests/exec/malloc.exe returned -11
STDOUT: 
 
STDERR: 
 
TESTING malloc.lingo...
/Users/ben/workspace/lingo-2/reg-tests/exec/malloc.exe returned -11
STDOUT: 
 
STDERR: 
 
TESTING malloc.lingo...
/Users/ben/workspace/lingo-2/reg-tests/exec/malloc.exe returned -11
STDOUT: 
 
STDERR: 
 
TESTING malloc.lingo...
/Users/ben/workspace/lingo-2/reg-tests/exec/malloc.exe returned -11
STDOUT: 
 
STDERR: 
 
TESTING malloc.lingo...
/Users/ben/workspace/lingo-2/reg-tests/exec/malloc.exe returned -11
STDOUT: 
 
STDERR: 
 
TESTING malloc.lingo...
/Users/ben/workspace/lingo-2/reg-tests/exec/malloc.exe returned -11
STDOUT: 
 
STDERR: 
 
TESTING malloc.lingo...
gcc -no-pie /Users/ben/workspace/lingo-2/reg-tests/llvm/malloc.s /Users/ben/workspace/lingo-2/reg-tests/lib.c -o /Users/ben/workspace/lingo-2/reg-tests/exec/malloc.exe returned 1
STDOUT: 
 
STDERR: 
 clang: warning: argument unused during compilation: '-nopie' [-Wunused-command-line-argument]
/Users/ben/workspace/lingo-2/reg-tests/lib.c:21:8: error: member reference base type 'char' is not a structure or union
    adt->tag = 0;
    ~~~^ ~~~
/Users/ben/workspace/lingo-2/reg-tests/lib.c:22:8: error: member reference base type 'char' is not a structure or union
    adt->data = p; 
    ~~~^ ~~~~
/Users/ben/workspace/lingo-2/reg-tests/lib.c:23:12: warning: incompatible pointer types returning 'char *' from a function with result type 'adt *' (aka 'struct adt *') [-Wincompatible-pointer-types]
    return adt; 
           ^~~
/Users/ben/workspace/lingo-2/reg-tests/lib.c:26:36: error: use of undeclared identifier 'd'
    printf("set_bit %p %lld %d\n", d.data, i, c);
                                   ^
/Users/ben/workspace/lingo-2/reg-tests/lib.c:27:5: error: use of undeclared identifier 'd'
    d.data[i] = c;
    ^
/Users/ben/workspace/lingo-2/reg-tests/lib.c:29:9: error: member reference base type 'char' is not a structure or union
    adt2->tag = 0;
    ~~~~^ ~~~
/Users/ben/workspace/lingo-2/reg-tests/lib.c:30:9: error: member reference base type 'char' is not a structure or union
    adt2->data = d.data; 
    ~~~~^ ~~~~
/Users/ben/workspace/lingo-2/reg-tests/lib.c:30:18: error: use of undeclared identifier 'd'
    adt2->data = d.data; 
                 ^
/Users/ben/workspace/lingo-2/reg-tests/lib.c:31:12: warning: incompatible pointer types returning 'char *' from a function with result type 'adt *' (aka 'struct adt *') [-Wincompatible-pointer-types]
    return adt2;
           ^~~~
2 warnings and 7 errors generated.

TESTING malloc.lingo...
gcc -no-pie /Users/ben/workspace/lingo-2/reg-tests/llvm/malloc.s /Users/ben/workspace/lingo-2/reg-tests/lib.c -o /Users/ben/workspace/lingo-2/reg-tests/exec/malloc.exe returned 1
STDOUT: 
 
STDERR: 
 clang: warning: argument unused during compilation: '-nopie' [-Wunused-command-line-argument]
/Users/ben/workspace/lingo-2/reg-tests/lib.c:26:36: error: use of undeclared identifier 'd'
    printf("set_bit %p %lld %d\n", d.data, i, c);
                                   ^
/Users/ben/workspace/lingo-2/reg-tests/lib.c:27:5: error: use of undeclared identifier 'd'
    d.data[i] = c;
    ^
/Users/ben/workspace/lingo-2/reg-tests/lib.c:28:10: error: use of undeclared identifier 'adt2'; did you mean 'adt'?
    adt *adt2 = malloc(sizeof(adt));  
         ^~~~
         adt
/Users/ben/workspace/lingo-2/reg-tests/lib.c:25:18: note: 'adt' declared here
adt *set_bit(adt adt, long long i, char c) {
                 ^
/Users/ben/workspace/lingo-2/reg-tests/lib.c:28:9: error: invalid operands to binary expression ('adt' (aka 'struct adt') and 'adt')
    adt *adt2 = malloc(sizeof(adt));  
    ~~~ ^~~~~
/Users/ben/workspace/lingo-2/reg-tests/lib.c:29:5: error: use of undeclared identifier 'adt2'; did you mean 'adt'?
    adt2->tag = 0;
    ^~~~
    adt
/Users/ben/workspace/lingo-2/reg-tests/lib.c:25:18: note: 'adt' declared here
adt *set_bit(adt adt, long long i, char c) {
                 ^
/Users/ben/workspace/lingo-2/reg-tests/lib.c:29:9: error: member reference type 'adt' (aka 'struct adt') is not a pointer; did you mean to use '.'?
    adt2->tag = 0;
    ~~~~^~
        .
/Users/ben/workspace/lingo-2/reg-tests/lib.c:29:15: error: expression is not assignable
    adt2->tag = 0;
    ~~~~~~~~~ ^
/Users/ben/workspace/lingo-2/reg-tests/lib.c:30:5: error: use of undeclared identifier 'adt2'; did you mean 'adt'?
    adt2->data = d.data; 
    ^~~~
    adt
/Users/ben/workspace/lingo-2/reg-tests/lib.c:25:18: note: 'adt' declared here
adt *set_bit(adt adt, long long i, char c) {
                 ^
/Users/ben/workspace/lingo-2/reg-tests/lib.c:30:9: error: member reference type 'adt' (aka 'struct adt') is not a pointer; did you mean to use '.'?
    adt2->data = d.data; 
    ~~~~^~
        .
/Users/ben/workspace/lingo-2/reg-tests/lib.c:30:18: error: use of undeclared identifier 'd'
    adt2->data = d.data; 
                 ^
/Users/ben/workspace/lingo-2/reg-tests/lib.c:31:12: error: use of undeclared identifier 'adt2'; did you mean 'adt'?
    return adt2;
           ^~~~
           adt
/Users/ben/workspace/lingo-2/reg-tests/lib.c:25:18: note: 'adt' declared here
adt *set_bit(adt adt, long long i, char c) {
                 ^
/Users/ben/workspace/lingo-2/reg-tests/lib.c:31:12: error: returning 'adt' (aka 'struct adt') from a function with incompatible result type 'adt *' (aka 'struct adt *'); take the address with &
    return adt2;
           ^~~~
           &
12 errors generated.

TESTING malloc.lingo...
gcc -no-pie /Users/ben/workspace/lingo-2/reg-tests/llvm/malloc.s /Users/ben/workspace/lingo-2/reg-tests/lib.c -o /Users/ben/workspace/lingo-2/reg-tests/exec/malloc.exe returned 1
STDOUT: 
 
STDERR: 
 clang: warning: argument unused during compilation: '-nopie' [-Wunused-command-line-argument]
/Users/ben/workspace/lingo-2/reg-tests/lib.c:28:10: error: use of undeclared identifier 'adt2'; did you mean 'adt'?
    adt *adt2 = malloc(sizeof(adt));  
         ^~~~
         adt
/Users/ben/workspace/lingo-2/reg-tests/lib.c:25:18: note: 'adt' declared here
adt *set_bit(adt adt, long long i, char c) {
                 ^
/Users/ben/workspace/lingo-2/reg-tests/lib.c:28:9: error: invalid operands to binary expression ('adt' (aka 'struct adt') and 'adt')
    adt *adt2 = malloc(sizeof(adt));  
    ~~~ ^~~~~
/Users/ben/workspace/lingo-2/reg-tests/lib.c:29:5: error: use of undeclared identifier 'adt2'; did you mean 'adt'?
    adt2->tag = 0;
    ^~~~
    adt
/Users/ben/workspace/lingo-2/reg-tests/lib.c:25:18: note: 'adt' declared here
adt *set_bit(adt adt, long long i, char c) {
                 ^
/Users/ben/workspace/lingo-2/reg-tests/lib.c:29:9: error: member reference type 'adt' (aka 'struct adt') is not a pointer; did you mean to use '.'?
    adt2->tag = 0;
    ~~~~^~
        .
/Users/ben/workspace/lingo-2/reg-tests/lib.c:29:15: error: expression is not assignable
    adt2->tag = 0;
    ~~~~~~~~~ ^
/Users/ben/workspace/lingo-2/reg-tests/lib.c:30:5: error: use of undeclared identifier 'adt2'; did you mean 'adt'?
    adt2->data = d.data; 
    ^~~~
    adt
/Users/ben/workspace/lingo-2/reg-tests/lib.c:25:18: note: 'adt' declared here
adt *set_bit(adt adt, long long i, char c) {
                 ^
/Users/ben/workspace/lingo-2/reg-tests/lib.c:30:9: error: member reference type 'adt' (aka 'struct adt') is not a pointer; did you mean to use '.'?
    adt2->data = d.data; 
    ~~~~^~
        .
/Users/ben/workspace/lingo-2/reg-tests/lib.c:30:18: error: use of undeclared identifier 'd'
    adt2->data = d.data; 
                 ^
/Users/ben/workspace/lingo-2/reg-tests/lib.c:31:12: error: use of undeclared identifier 'adt2'; did you mean 'adt'?
    return adt2;
           ^~~~
           adt
/Users/ben/workspace/lingo-2/reg-tests/lib.c:25:18: note: 'adt' declared here
adt *set_bit(adt adt, long long i, char c) {
                 ^
/Users/ben/workspace/lingo-2/reg-tests/lib.c:31:12: error: returning 'adt' (aka 'struct adt') from a function with incompatible result type 'adt *' (aka 'struct adt *'); take the address with &
    return adt2;
           ^~~~
           &
10 errors generated.

TESTING malloc.lingo...
diff /Users/ben/workspace/lingo-2/reg-tests/out/malloc.out /Users/ben/workspace/lingo-2/reg-tests/out/malloc.actual.out returned 2
STDOUT: 
 
STDERR: 
 diff: /Users/ben/workspace/lingo-2/reg-tests/out/malloc.out: No such file or directory

...malloc.lingo FAILED ✕
Diff between /Users/ben/workspace/lingo-2/reg-tests/out/malloc.out and /Users/ben/workspace/lingo-2/reg-tests/out/malloc.actual.out.
TESTING malloc.lingo...
/Users/ben/workspace/lingo-2/reg-tests/exec/malloc.exe returned -11
STDOUT: 
 
STDERR: 
 
TESTING malloc.lingo...
/Users/ben/workspace/lingo-2/reg-tests/exec/malloc.exe returned -11
STDOUT: 
 
STDERR: 
 
TESTING malloc.lingo...
/Users/ben/workspace/lingo-2/reg-tests/exec/malloc.exe returned -11
STDOUT: 
 
STDERR: 
 
TESTING malloc.lingo...
/Users/ben/workspace/lingo-2/reg-tests/exec/malloc.exe returned -11
STDOUT: 
 
STDERR: 
 
TESTING malloc.lingo...
/Users/ben/workspace/lingo-2/reg-tests/exec/malloc.exe returned -11
STDOUT: 
 
STDERR: 
 
TESTING malloc.lingo...
/Users/ben/workspace/lingo-2/reg-tests/exec/malloc.exe returned -11
STDOUT: 
 
STDERR: 
 
TESTING malloc.lingo...
/Users/ben/workspace/lingo-2/reg-tests/exec/malloc.exe returned -11
STDOUT: 
 
STDERR: 
 
TESTING malloc.lingo...
diff /Users/ben/workspace/lingo-2/reg-tests/out/malloc.out /Users/ben/workspace/lingo-2/reg-tests/out/malloc.actual.out returned 2
STDOUT: 
 
STDERR: 
 diff: /Users/ben/workspace/lingo-2/reg-tests/out/malloc.out: No such file or directory

...malloc.lingo FAILED ✕
Diff between /Users/ben/workspace/lingo-2/reg-tests/out/malloc.out and /Users/ben/workspace/lingo-2/reg-tests/out/malloc.actual.out.
TESTING malloc.lingo...
diff /Users/ben/workspace/lingo-2/reg-tests/out/malloc.out /Users/ben/workspace/lingo-2/reg-tests/out/malloc.actual.out returned 2
STDOUT: 
 
STDERR: 
 diff: /Users/ben/workspace/lingo-2/reg-tests/out/malloc.out: No such file or directory

...malloc.lingo FAILED ✕
Diff between /Users/ben/workspace/lingo-2/reg-tests/out/malloc.out and /Users/ben/workspace/lingo-2/reg-tests/out/malloc.actual.out.
TESTING malloc.lingo...
diff /Users/ben/workspace/lingo-2/reg-tests/out/malloc.out /Users/ben/workspace/lingo-2/reg-tests/out/malloc.actual.out returned 2
STDOUT: 
 
STDERR: 
 diff: /Users/ben/workspace/lingo-2/reg-tests/out/malloc.out: No such file or directory

...malloc.lingo FAILED ✕
Diff between /Users/ben/workspace/lingo-2/reg-tests/out/malloc.out and /Users/ben/workspace/lingo-2/reg-tests/out/malloc.actual.out.
TESTING malloc.lingo...
diff /Users/ben/workspace/lingo-2/reg-tests/out/malloc.out /Users/ben/workspace/lingo-2/reg-tests/out/malloc.actual.out returned 2
STDOUT: 
 
STDERR: 
 diff: /Users/ben/workspace/lingo-2/reg-tests/out/malloc.out: No such file or directory

...malloc.lingo FAILED ✕
Diff between /Users/ben/workspace/lingo-2/reg-tests/out/malloc.out and /Users/ben/workspace/lingo-2/reg-tests/out/malloc.actual.out.
TESTING malloc.lingo...
diff /Users/ben/workspace/lingo-2/reg-tests/out/malloc.out /Users/ben/workspace/lingo-2/reg-tests/out/malloc.actual.out returned 2
STDOUT: 
 
STDERR: 
 diff: /Users/ben/workspace/lingo-2/reg-tests/out/malloc.out: No such file or directory

...malloc.lingo FAILED ✕
Diff between /Users/ben/workspace/lingo-2/reg-tests/out/malloc.out and /Users/ben/workspace/lingo-2/reg-tests/out/malloc.actual.out.
TESTING malloc.lingo...
dune exec ./src/lingo.exe /Users/ben/workspace/lingo-2/reg-tests/src/malloc.lingo returned 2
STDOUT: 
 
STDERR: 
 Fatal error: exception Stdlib.Parsing.Parse_error

TESTING malloc.lingo...
diff /Users/ben/workspace/lingo-2/reg-tests/out/malloc.out /Users/ben/workspace/lingo-2/reg-tests/out/malloc.actual.out returned 2
STDOUT: 
 
STDERR: 
 diff: /Users/ben/workspace/lingo-2/reg-tests/out/malloc.out: No such file or directory

...malloc.lingo FAILED ✕
Diff between /Users/ben/workspace/lingo-2/reg-tests/out/malloc.out and /Users/ben/workspace/lingo-2/reg-tests/out/malloc.actual.out.
TESTING malloc.lingo...
dune exec ./src/lingo.exe /Users/ben/workspace/lingo-2/reg-tests/src/malloc.lingo returned 2
STDOUT: 
 
STDERR: 
 Fatal error: exception Invalid_argument("List.combine")

TESTING malloc.lingo...
dune exec ./src/lingo.exe /Users/ben/workspace/lingo-2/reg-tests/src/malloc.lingo returned 2
STDOUT: 
 C

STDERR: 
 Fatal error: exception Invalid_argument("List.combine")

TESTING malloc.lingo...
dune exec ./src/lingo.exe /Users/ben/workspace/lingo-2/reg-tests/src/malloc.lingo returned 2
STDOUT: 
 C

STDERR: 
 Fatal error: exception Invalid_argument("List.combine")

TESTING malloc.lingo...
dune exec ./src/lingo.exe /Users/ben/workspace/lingo-2/reg-tests/src/malloc.lingo returned 2
STDOUT: 
 C

STDERR: 
 Fatal error: exception Invalid_argument("List.combine")

TESTING malloc.lingo...
dune exec ./src/lingo.exe /Users/ben/workspace/lingo-2/reg-tests/src/malloc.lingo returned 2
STDOUT: 
 2
2

STDERR: 
 Fatal error: exception Invalid_argument("List.combine")

TESTING malloc.lingo...
dune exec ./src/lingo.exe /Users/ben/workspace/lingo-2/reg-tests/src/malloc.lingo returned 2
STDOUT: 
 1
1
1
1
1
1
1
1
1
1
1
1
1
1
1
1
1
1
1
1
1
1
1
1
1
1
2
2
0
0
0
0
1
1
3
3
0
0
0
0
0
0
0
0
0
0
0
0
0
0
1
0

STDERR: 
 Fatal error: exception Invalid_argument("List.combine")

TESTING malloc.lingo...
dune exec ./src/lingo.exe /Users/ben/workspace/lingo-2/reg-tests/src/malloc.lingo returned 2
STDOUT: 
 __prim__or1
1
1
__prim__and1
1
1
__prim__neq1
1
1
__prim__lt1
1
1
__prim__leq1
1
1
__prim__eq1
1
1
__prim__gt1
1
1
__prim__geq1
1
1
__prim__divide1
1
1
__prim__times1
1
1
__prim__minus1
1
1
__prim__plus1
1
1
__set_bit__1
1
1
__set_bit__2
2
2
__prim__plus
0
0
len
0
0
stringToMem'1
1
1
stringToMem'2
3
3
__set_bit__
0
0
stringToMem'
0
0
__set_bit__
0
0
__prim__plus
0
0
stringToMem'
0
0
__malloc2__
0
0
len
0
0
C1
1
0

STDERR: 
 Fatal error: exception Invalid_argument("List.combine")

TESTING malloc.lingo...
llc /Users/ben/workspace/lingo-2/reg-tests/llvm/malloc.llvm -o /Users/ben/workspace/lingo-2/reg-tests/llvm/malloc.s returned 1
STDOUT: 
 
STDERR: 
 llc: error: llc: /Users/ben/workspace/lingo-2/reg-tests/llvm/malloc.llvm:1:1: error: expected top-level entity
__prim__or1
^

TESTING malloc.lingo...
/Users/ben/workspace/lingo-2/reg-tests/exec/malloc.exe returned -11
STDOUT: 
 
STDERR: 
 
TESTING malloc.lingo...
dune exec ./src/lingo.exe /Users/ben/workspace/lingo-2/reg-tests/src/malloc.lingo returned 2
STDOUT: 
 
STDERR: 
 Fatal error: exception Core.Typecheck.VarNotFound("print_int")

TESTING malloc.lingo...
diff /Users/ben/workspace/lingo-2/reg-tests/out/malloc.out /Users/ben/workspace/lingo-2/reg-tests/out/malloc.actual.out returned 2
STDOUT: 
 
STDERR: 
 diff: /Users/ben/workspace/lingo-2/reg-tests/out/malloc.out: No such file or directory

...malloc.lingo FAILED ✕
Diff between /Users/ben/workspace/lingo-2/reg-tests/out/malloc.out and /Users/ben/workspace/lingo-2/reg-tests/out/malloc.actual.out.
TESTING malloc.lingo...
diff /Users/ben/workspace/lingo-2/reg-tests/out/malloc.out /Users/ben/workspace/lingo-2/reg-tests/out/malloc.actual.out returned 2
STDOUT: 
 
STDERR: 
 diff: /Users/ben/workspace/lingo-2/reg-tests/out/malloc.out: No such file or directory

...malloc.lingo FAILED ✕
Diff between /Users/ben/workspace/lingo-2/reg-tests/out/malloc.out and /Users/ben/workspace/lingo-2/reg-tests/out/malloc.actual.out.
TESTING malloc.lingo...
diff /Users/ben/workspace/lingo-2/reg-tests/out/malloc.out /Users/ben/workspace/lingo-2/reg-tests/out/malloc.actual.out returned 2
STDOUT: 
 
STDERR: 
 diff: /Users/ben/workspace/lingo-2/reg-tests/out/malloc.out: No such file or directory

...malloc.lingo FAILED ✕
Diff between /Users/ben/workspace/lingo-2/reg-tests/out/malloc.out and /Users/ben/workspace/lingo-2/reg-tests/out/malloc.actual.out.
TESTING malloc.lingo...
dune exec ./src/lingo.exe /Users/ben/workspace/lingo-2/reg-tests/src/malloc.lingo returned 2
STDOUT: 
 
STDERR: 
 Fatal error: exception Core.Typecheck.TypeMismatch(_, _)

TESTING malloc.lingo...
/Users/ben/workspace/lingo-2/reg-tests/exec/malloc.exe returned -11
STDOUT: 
 
STDERR: 
 
TESTING malloc.lingo...
/Users/ben/workspace/lingo-2/reg-tests/exec/malloc.exe returned -11
STDOUT: 
 
STDERR: 
 
TESTING malloc.lingo...
/Users/ben/workspace/lingo-2/reg-tests/exec/malloc.exe returned -11
STDOUT: 
 
STDERR: 
 
TESTING malloc.lingo...
/Users/ben/workspace/lingo-2/reg-tests/exec/malloc.exe returned -11
STDOUT: 
 
STDERR: 
 
TESTING malloc.lingo...
dune exec ./src/lingo.exe /Users/ben/workspace/lingo-2/reg-tests/src/malloc.lingo returned 2
STDOUT: 
 
STDERR: 
 Fatal error: exception Core.Typecheck.VarNotFound("s")

TESTING malloc.lingo...
/Users/ben/workspace/lingo-2/reg-tests/exec/malloc.exe returned -11
STDOUT: 
 
STDERR: 
 
TESTING malloc.lingo...
/Users/ben/workspace/lingo-2/reg-tests/exec/malloc.exe returned -11
STDOUT: 
 
STDERR: 
 
TESTING malloc.lingo...
/Users/ben/workspace/lingo-2/reg-tests/exec/malloc.exe returned -11
STDOUT: 
 
STDERR: 
 
TESTING malloc.lingo...
/Users/ben/workspace/lingo-2/reg-tests/exec/malloc.exe returned -11
STDOUT: 
 
STDERR: 
 
TESTING malloc.lingo...
/Users/ben/workspace/lingo-2/reg-tests/exec/malloc.exe returned -11
STDOUT: 
 
STDERR: 
 
TESTING malloc.lingo...
diff /Users/ben/workspace/lingo-2/reg-tests/out/malloc.out /Users/ben/workspace/lingo-2/reg-tests/out/malloc.actual.out returned 2
STDOUT: 
 
STDERR: 
 diff: /Users/ben/workspace/lingo-2/reg-tests/out/malloc.out: No such file or directory

...malloc.lingo FAILED ✕
Diff between /Users/ben/workspace/lingo-2/reg-tests/out/malloc.out and /Users/ben/workspace/lingo-2/reg-tests/out/malloc.actual.out.
TESTING malloc.lingo...
diff /Users/ben/workspace/lingo-2/reg-tests/out/malloc.out /Users/ben/workspace/lingo-2/reg-tests/out/malloc.actual.out returned 2
STDOUT: 
 
STDERR: 
 diff: /Users/ben/workspace/lingo-2/reg-tests/out/malloc.out: No such file or directory

...malloc.lingo FAILED ✕
Diff between /Users/ben/workspace/lingo-2/reg-tests/out/malloc.out and /Users/ben/workspace/lingo-2/reg-tests/out/malloc.actual.out.
TESTING malloc.lingo...
...malloc.lingo PASSED ✓
TESTING malloc.lingo...
dune exec ./src/lingo.exe /Users/ben/workspace/lingo-2/reg-tests/src/malloc.lingo returned 2
STDOUT: 
 
STDERR: 
 Fatal error: exception Core.Typecheck.VarNotFound("stringToMem")

TESTING malloc.lingo...
...malloc.lingo PASSED ✓
TESTING malloc.lingo...
dune exec ./src/lingo.exe /Users/ben/workspace/lingo-2/reg-tests/src/malloc.lingo returned 2
STDOUT: 
 
STDERR: 
 Fatal error: exception Stdlib.Parsing.Parse_error

TESTING malloc.lingo...
...malloc.lingo PASSED ✓
TESTING malloc.lingo...
...malloc.lingo PASSED ✓
TESTING malloc.lingo...
dune exec ./src/lingo.exe /Users/ben/workspace/lingo-2/reg-tests/src/malloc.lingo returned 2
STDOUT: 
 
STDERR: 
 Fatal error: exception Core.Typecheck.VarNotFound("allocate")

TESTING malloc.lingo...
...malloc.lingo PASSED ✓
TESTING malloc.lingo...
dune exec ./src/lingo.exe /Users/ben/workspace/lingo-2/reg-tests/src/malloc.lingo returned 2
STDOUT: 
 
STDERR: 
 Fatal error: exception Core.Typecheck.TypeMismatch(_, _)

TESTING malloc.lingo...
dune exec ./src/lingo.exe /Users/ben/workspace/lingo-2/reg-tests/src/malloc.lingo returned 2
STDOUT: 
 
STDERR: 
 Fatal error: exception Core.Typecheck.ExpectedArr(_)

TESTING malloc.lingo...
llc /Users/ben/workspace/lingo-2/reg-tests/llvm/malloc.llvm -o /Users/ben/workspace/lingo-2/reg-tests/llvm/malloc.s returned 1
STDOUT: 
 
STDERR: 
 llc: error: llc: /Users/ben/workspace/lingo-2/reg-tests/llvm/malloc.llvm:1501:9: error: stored value and pointer type do not match
  store i64 %app_res91, i8** %boxed
        ^

TESTING malloc.lingo...
gcc -no-pie /Users/ben/workspace/lingo-2/reg-tests/llvm/malloc.s /Users/ben/workspace/lingo-2/reg-tests/lib.c -o /Users/ben/workspace/lingo-2/reg-tests/exec/malloc.exe returned 1
STDOUT: 
 
STDERR: 
 clang: warning: argument unused during compilation: '-nopie' [-Wunused-command-line-argument]
/Users/ben/workspace/lingo-2/reg-tests/lib.c:7:38: error: use of undeclared identifier 'p'
ADT unit = (ADT) { .tag = 0, .data = p }; 
                                     ^
1 error generated.

TESTING malloc.lingo...
...malloc.lingo PASSED ✓
TESTING malloc.lingo...
dune exec ./src/lingo.exe /Users/ben/workspace/lingo-2/reg-tests/src/malloc.lingo returned 2
STDOUT: 
 
STDERR: 
 Fatal error: exception Stdlib.Parsing.Parse_error

TESTING malloc.lingo...
dune exec ./src/lingo.exe /Users/ben/workspace/lingo-2/reg-tests/src/malloc.lingo returned 2
STDOUT: 
 
STDERR: 
 Fatal error: exception Stdlib.Parsing.Parse_error

TESTING malloc.lingo...
dune exec ./src/lingo.exe /Users/ben/workspace/lingo-2/reg-tests/src/malloc.lingo returned 2
STDOUT: 
 
STDERR: 
 Fatal error: exception Not_found

TESTING malloc.lingo...
dune exec ./src/lingo.exe /Users/ben/workspace/lingo-2/reg-tests/src/malloc.lingo returned 2
STDOUT: 
 
STDERR: 
 Fatal error: exception Not_found

TESTING malloc.lingo...
...malloc.lingo PASSED ✓
TESTING malloc.lingo...
dune exec ./src/lingo.exe /Users/ben/workspace/lingo-2/reg-tests/src/malloc.lingo returned 2
STDOUT: 
 
STDERR: 
 Fatal error: exception Core.Typecheck.UnknownConstructor("unit")

TESTING malloc.lingo...
dune exec ./src/lingo.exe /Users/ben/workspace/lingo-2/reg-tests/src/malloc.lingo returned 2
STDOUT: 
 
STDERR: 
 Fatal error: exception Core.Typecheck.UnsatisfiableConstraint(1, 0)

